app/build/intermediates/manifest_merge_blame_file/debug/manifest-merger-blame-debug-report.txt
1<?xml version="1.0" encoding="utf-8"?>
2<manifest xmlns:android="http://schemas.android.com/apk/res/android"
3    package="com.example.pamoproject"
4    android:versionCode="1"
5    android:versionName="1.0" >
6
7    <uses-sdk
8        android:minSdkVersion="21"
8-->src\main\AndroidManifest.xml
9        android:targetSdkVersion="32" />
9-->src\main\AndroidManifest.xml
10
11    <uses-permission android:name="android.permission.VIBRATE" />
11-->src\main\AndroidManifest.xml:6:5-66
11-->src\main\AndroidManifest.xml:6:22-63
12    <uses-permission android:name="android.permission.INTERNET" />
12-->src\main\AndroidManifest.xml:7:5-67
12-->src\main\AndroidManifest.xml:7:22-64
13    <uses-permission android:name="android.permission.CAMERA" /> <!-- Don't require camera, as this requires a rear camera. This allows it to work on the Nexus 7 -->
13-->[com.journeyapps:zxing-android-embedded:3.6.0] AndroidManifest.xml:22:5-65
13-->[com.journeyapps:zxing-android-embedded:3.6.0] AndroidManifest.xml:22:22-62
14    <uses-feature
14-->[com.journeyapps:zxing-android-embedded:3.6.0] AndroidManifest.xml:25:5-27:36
15        android:name="android.hardware.camera"
15-->[com.journeyapps:zxing-android-embedded:3.6.0] AndroidManifest.xml:26:9-47
16        android:required="false" />
16-->[com.journeyapps:zxing-android-embedded:3.6.0] AndroidManifest.xml:27:9-33
17    <uses-feature
17-->[com.journeyapps:zxing-android-embedded:3.6.0] AndroidManifest.xml:28:5-30:36
18        android:name="android.hardware.camera.front"
18-->[com.journeyapps:zxing-android-embedded:3.6.0] AndroidManifest.xml:29:9-53
19        android:required="false" /> <!-- TODO replace above two with next line after Android 4.2 -->
19-->[com.journeyapps:zxing-android-embedded:3.6.0] AndroidManifest.xml:30:9-33
20    <!-- <uses-feature android:name="android.hardware.camera.any"/> -->
21    <uses-feature
21-->[com.journeyapps:zxing-android-embedded:3.6.0] AndroidManifest.xml:33:5-35:36
22        android:name="android.hardware.camera.autofocus"
22-->[com.journeyapps:zxing-android-embedded:3.6.0] AndroidManifest.xml:34:9-57
23        android:required="false" />
23-->[com.journeyapps:zxing-android-embedded:3.6.0] AndroidManifest.xml:35:9-33
24    <uses-feature
24-->[com.journeyapps:zxing-android-embedded:3.6.0] AndroidManifest.xml:36:5-38:36
25        android:name="android.hardware.camera.flash"
25-->[com.journeyapps:zxing-android-embedded:3.6.0] AndroidManifest.xml:37:9-53
26        android:required="false" />
26-->[com.journeyapps:zxing-android-embedded:3.6.0] AndroidManifest.xml:38:9-33
27    <uses-feature
27-->[com.journeyapps:zxing-android-embedded:3.6.0] AndroidManifest.xml:39:5-41:36
28        android:name="android.hardware.screen.landscape"
28-->[com.journeyapps:zxing-android-embedded:3.6.0] AndroidManifest.xml:40:9-57
29        android:required="false" />
29-->[com.journeyapps:zxing-android-embedded:3.6.0] AndroidManifest.xml:41:9-33
30    <uses-feature
30-->[com.journeyapps:zxing-android-embedded:3.6.0] AndroidManifest.xml:42:5-44:36
31        android:name="android.hardware.wifi"
31-->[com.journeyapps:zxing-android-embedded:3.6.0] AndroidManifest.xml:43:9-45
32        android:required="false" />
32-->[com.journeyapps:zxing-android-embedded:3.6.0] AndroidManifest.xml:44:9-33
33
34    <application
34-->src\main\AndroidManifest.xml:9:5-41:19
35        android:allowBackup="true"
35-->src\main\AndroidManifest.xml:10:9-35
36        android:appComponentFactory="androidx.core.app.CoreComponentFactory"
36-->[androidx.core:core:1.8.0] AndroidManifest.xml:24:18-86
37        android:dataExtractionRules="@xml/data_extraction_rules"
37-->src\main\AndroidManifest.xml:11:9-65
38        android:debuggable="true"
39        android:fullBackupContent="@xml/backup_rules"
39-->src\main\AndroidManifest.xml:12:9-54
40        android:hardwareAccelerated="true"
40-->src\main\AndroidManifest.xml:13:9-43
41        android:icon="@mipmap/ic_launcher"
41-->src\main\AndroidManifest.xml:14:9-43
42        android:label="@string/app_name"
42-->src\main\AndroidManifest.xml:15:9-41
43        android:roundIcon="@mipmap/ic_launcher_round"
43-->src\main\AndroidManifest.xml:16:9-54
44        android:supportsRtl="true"
44-->src\main\AndroidManifest.xml:17:9-35
45        android:testOnly="true"
46        android:theme="@style/Theme.PamoProject" >
46-->src\main\AndroidManifest.xml:18:9-49
47        <activity
47-->src\main\AndroidManifest.xml:20:9-22:40
48            android:name="com.example.pamoproject.BarChartActivity"
48-->src\main\AndroidManifest.xml:21:13-45
49            android:exported="false" />
49-->src\main\AndroidManifest.xml:22:13-37
50        <activity
50-->src\main\AndroidManifest.xml:23:9-25:40
51            android:name="com.example.pamoproject.PieChartActivity"
51-->src\main\AndroidManifest.xml:24:13-45
52            android:exported="false" />
52-->src\main\AndroidManifest.xml:25:13-37
53        <activity
53-->src\main\AndroidManifest.xml:26:9-28:40
54            android:name="com.example.pamoproject.ViewScanActivity"
54-->src\main\AndroidManifest.xml:27:13-45
55            android:exported="false" />
55-->src\main\AndroidManifest.xml:28:13-37
56        <activity
56-->src\main\AndroidManifest.xml:29:9-31:40
57            android:name="com.example.pamoproject.ScanActivity"
57-->src\main\AndroidManifest.xml:30:13-41
58            android:exported="false" />
58-->src\main\AndroidManifest.xml:31:13-37
59        <activity
59-->src\main\AndroidManifest.xml:32:9-40:20
60            android:name="com.example.pamoproject.MainActivity"
60-->src\main\AndroidManifest.xml:33:13-41
61            android:exported="true" >
61-->src\main\AndroidManifest.xml:34:13-36
62            <intent-filter>
62-->src\main\AndroidManifest.xml:35:13-39:29
63                <action android:name="android.intent.action.MAIN" />
63-->src\main\AndroidManifest.xml:36:17-69
63-->src\main\AndroidManifest.xml:36:25-66
64
65                <category android:name="android.intent.category.LAUNCHER" />
65-->src\main\AndroidManifest.xml:38:17-77
65-->src\main\AndroidManifest.xml:38:27-74
66            </intent-filter>
67        </activity>
68        <activity
68-->[com.journeyapps:zxing-android-embedded:3.6.0] AndroidManifest.xml:47:9-53:63
69            android:name="com.journeyapps.barcodescanner.CaptureActivity"
69-->[com.journeyapps:zxing-android-embedded:3.6.0] AndroidManifest.xml:48:13-74
70            android:clearTaskOnLaunch="true"
70-->[com.journeyapps:zxing-android-embedded:3.6.0] AndroidManifest.xml:49:13-45
71            android:screenOrientation="sensorLandscape"
71-->[com.journeyapps:zxing-android-embedded:3.6.0] AndroidManifest.xml:50:13-56
72            android:stateNotNeeded="true"
72-->[com.journeyapps:zxing-android-embedded:3.6.0] AndroidManifest.xml:51:13-42
73            android:theme="@style/zxing_CaptureTheme"
73-->[com.journeyapps:zxing-android-embedded:3.6.0] AndroidManifest.xml:52:13-54
74            android:windowSoftInputMode="stateAlwaysHidden" />
74-->[com.journeyapps:zxing-android-embedded:3.6.0] AndroidManifest.xml:53:13-60
75
76        <provider
76-->[androidx.emoji2:emoji2:1.0.0] AndroidManifest.xml:26:9-34:20
77            android:name="androidx.startup.InitializationProvider"
77-->[androidx.emoji2:emoji2:1.0.0] AndroidManifest.xml:27:13-67
78            android:authorities="com.example.pamoproject.androidx-startup"
78-->[androidx.emoji2:emoji2:1.0.0] AndroidManifest.xml:28:13-68
79            android:exported="false" >
79-->[androidx.emoji2:emoji2:1.0.0] AndroidManifest.xml:29:13-37
80            <meta-data
80-->[androidx.emoji2:emoji2:1.0.0] AndroidManifest.xml:31:13-33:52
81                android:name="androidx.emoji2.text.EmojiCompatInitializer"
81-->[androidx.emoji2:emoji2:1.0.0] AndroidManifest.xml:32:17-75
82                android:value="androidx.startup" />
82-->[androidx.emoji2:emoji2:1.0.0] AndroidManifest.xml:33:17-49
83            <meta-data
83-->[androidx.lifecycle:lifecycle-process:2.4.0] AndroidManifest.xml:31:13-33:52
84                android:name="androidx.lifecycle.ProcessLifecycleInitializer"
84-->[androidx.lifecycle:lifecycle-process:2.4.0] AndroidManifest.xml:32:17-78
85                android:value="androidx.startup" />
85-->[androidx.lifecycle:lifecycle-process:2.4.0] AndroidManifest.xml:33:17-49
86        </provider>
87    </application>
88
89</manifest>